[  623322ms] [ERROR] IntlError: MISSING_MESSAGE: Could not resolve `billing.subscriptions.detail.gatewaySubscriptionId` in messages for locale `en`.
    at getFallbackFromErrorAndNotify (http://reseller.localhost:4200/_next/static/chunks/node_modules__pnpm_b1b9e650._.js:7535:23)
    at translateBaseFn (http://reseller.localhost:4200/_next/static/chunks/node_modules__pnpm_b1b9e650._.js:7565:28)
    at translateFn (http://reseller.localhost:4200/_next/static/chunks/node_modules__pnpm_b1b9e650._.js:7593:24)
    at SubscriptionFields (http://reseller.localhost:4200/_next/static/chunks/_a19a8c87._.js:1482:28)
    at Object.react_stack_bottom_frame (http://reseller.localhost:4200/_next/static/chunks/d935d_next_dist_compiled_react-dom_dd83c48e._.js:14816:24)
    at renderWithHooks (http://reseller.localhost:4200/_next/static/chunks/d935d_next_dist_compiled_react-dom_dd83c48e._.js:4645:24)
    at updateFunctionComponent (http://reseller.localhost:4200/_next/static/chunks/d935d_next_dist_compiled_react-dom_dd83c48e._.js:6106:21)
    at beginWork (http://reseller.localhost:4200/_next/static/chunks/d935d_next_dist_compiled_react-dom_dd83c48e._.js:6702:24)
    at runWithFiberInDEV (http://reseller.localhost:4200/_next/static/chunks/d935d_next_dist_compiled_react-dom_dd83c48e._.js:959:74)
    at performUnitOfWork (http://reseller.localhost:4200/_next/static/chunks/d935d_next_dist_compiled_react-dom_dd83c48e._.js:9556:97)
    at workLoopSync (http://reseller.localhost:4200/_next/static/chunks/d935d_next_dist_compiled_react-dom_dd83c48e._.js:9450:40)
    at renderRootSync (http://reseller.localhost:4200/_next/static/chunks/d935d_next_dist_compiled_react-dom_dd83c48e._.js:9434:13)
    at performWorkOnRoot (http://reseller.localhost:4200/_next/static/chunks/d935d_next_dist_compiled_react-dom_dd83c48e._.js:9062:186)
    at performSyncWorkOnRoot (http://reseller.localhost:4200/_next/static/chunks/d935d_next_dist_compiled_react-dom_dd83c48e._.js:10232:9)
    at flushSyncWorkAcrossRoots_impl (http://reseller.localhost:4200/_next/static/chunks/d935d_next_dist_compiled_react-dom_dd83c48e._.js:10148:316)
    at processRootScheduleInMicrotask (http://reseller.localhost:4200/_next/static/chunks/d935d_next_dist_compiled_react-dom_dd83c48e._.js:10169:106)
    at http://reseller.localhost:4200/_next/static/chunks/d935d_next_dist_compiled_react-dom_dd83c48e._.js:10243:158 @ http://reseller.localhost:4200/_next/static/chunks/d935d_next_dist_e58561c9._.js:3117
[  623322ms] [ERROR] IntlError: MISSING_MESSAGE: Could not resolve `billing.subscriptions.detail.gatewayProvider` in messages for locale `en`.
    at getFallbackFromErrorAndNotify (http://reseller.localhost:4200/_next/static/chunks/node_modules__pnpm_b1b9e650._.js:7535:23)
    at translateBaseFn (http://reseller.localhost:4200/_next/static/chunks/node_modules__pnpm_b1b9e650._.js:7565:28)
    at translateFn (http://reseller.localhost:4200/_next/static/chunks/node_modules__pnpm_b1b9e650._.js:7593:24)
    at SubscriptionFields (http://reseller.localhost:4200/_next/static/chunks/_a19a8c87._.js:1496:28)
    at Object.react_stack_bottom_frame (http://reseller.localhost:4200/_next/static/chunks/d935d_next_dist_compiled_react-dom_dd83c48e._.js:14816:24)
    at renderWithHooks (http://reseller.localhost:4200/_next/static/chunks/d935d_next_dist_compiled_react-dom_dd83c48e._.js:4645:24)
    at updateFunctionComponent (http://reseller.localhost:4200/_next/static/chunks/d935d_next_dist_compiled_react-dom_dd83c48e._.js:6106:21)
    at beginWork (http://reseller.localhost:4200/_next/static/chunks/d935d_next_dist_compiled_react-dom_dd83c48e._.js:6702:24)
    at runWithFiberInDEV (http://reseller.localhost:4200/_next/static/chunks/d935d_next_dist_compiled_react-dom_dd83c48e._.js:959:74)
    at performUnitOfWork (http://reseller.localhost:4200/_next/static/chunks/d935d_next_dist_compiled_react-dom_dd83c48e._.js:9556:97)
    at workLoopSync (http://reseller.localhost:4200/_next/static/chunks/d935d_next_dist_compiled_react-dom_dd83c48e._.js:9450:40)
    at renderRootSync (http://reseller.localhost:4200/_next/static/chunks/d935d_next_dist_compiled_react-dom_dd83c48e._.js:9434:13)
    at performWorkOnRoot (http://reseller.localhost:4200/_next/static/chunks/d935d_next_dist_compiled_react-dom_dd83c48e._.js:9062:186)
    at performSyncWorkOnRoot (http://reseller.localhost:4200/_next/static/chunks/d935d_next_dist_compiled_react-dom_dd83c48e._.js:10232:9)
    at flushSyncWorkAcrossRoots_impl (http://reseller.localhost:4200/_next/static/chunks/d935d_next_dist_compiled_react-dom_dd83c48e._.js:10148:316)
    at processRootScheduleInMicrotask (http://reseller.localhost:4200/_next/static/chunks/d935d_next_dist_compiled_react-dom_dd83c48e._.js:10169:106)
    at http://reseller.localhost:4200/_next/static/chunks/d935d_next_dist_compiled_react-dom_dd83c48e._.js:10243:158 @ http://reseller.localhost:4200/_next/static/chunks/d935d_next_dist_e58561c9._.js:3117
[  623322ms] [ERROR] IntlError: MISSING_MESSAGE: Could not resolve `billing.subscriptions.detail.cancelledAt` in messages for locale `en`.
    at getFallbackFromErrorAndNotify (http://reseller.localhost:4200/_next/static/chunks/node_modules__pnpm_b1b9e650._.js:7535:23)
    at translateBaseFn (http://reseller.localhost:4200/_next/static/chunks/node_modules__pnpm_b1b9e650._.js:7565:28)
    at translateFn (http://reseller.localhost:4200/_next/static/chunks/node_modules__pnpm_b1b9e650._.js:7593:24)
    at SubscriptionFields (http://reseller.localhost:4200/_next/static/chunks/_a19a8c87._.js:1547:28)
    at Object.react_stack_bottom_frame (http://reseller.localhost:4200/_next/static/chunks/d935d_next_dist_compiled_react-dom_dd83c48e._.js:14816:24)
    at renderWithHooks (http://reseller.localhost:4200/_next/static/chunks/d935d_next_dist_compiled_react-dom_dd83c48e._.js:4645:24)
    at updateFunctionComponent (http://reseller.localhost:4200/_next/static/chunks/d935d_next_dist_compiled_react-dom_dd83c48e._.js:6106:21)
    at beginWork (http://reseller.localhost:4200/_next/static/chunks/d935d_next_dist_compiled_react-dom_dd83c48e._.js:6702:24)
    at runWithFiberInDEV (http://reseller.localhost:4200/_next/static/chunks/d935d_next_dist_compiled_react-dom_dd83c48e._.js:959:74)
    at performUnitOfWork (http://reseller.localhost:4200/_next/static/chunks/d935d_next_dist_compiled_react-dom_dd83c48e._.js:9556:97)
    at workLoopSync (http://reseller.localhost:4200/_next/static/chunks/d935d_next_dist_compiled_react-dom_dd83c48e._.js:9450:40)
    at renderRootSync (http://reseller.localhost:4200/_next/static/chunks/d935d_next_dist_compiled_react-dom_dd83c48e._.js:9434:13)
    at performWorkOnRoot (http://reseller.localhost:4200/_next/static/chunks/d935d_next_dist_compiled_react-dom_dd83c48e._.js:9062:186)
    at performSyncWorkOnRoot (http://reseller.localhost:4200/_next/static/chunks/d935d_next_dist_compiled_react-dom_dd83c48e._.js:10232:9)
    at flushSyncWorkAcrossRoots_impl (http://reseller.localhost:4200/_next/static/chunks/d935d_next_dist_compiled_react-dom_dd83c48e._.js:10148:316)
    at processRootScheduleInMicrotask (http://reseller.localhost:4200/_next/static/chunks/d935d_next_dist_compiled_react-dom_dd83c48e._.js:10169:106)
    at http://reseller.localhost:4200/_next/static/chunks/d935d_next_dist_compiled_react-dom_dd83c48e._.js:10243:158 @ http://reseller.localhost:4200/_next/static/chunks/d935d_next_dist_e58561c9._.js:3117
[  623322ms] [ERROR] IntlError: MISSING_MESSAGE: Could not resolve `billing.subscriptions.detail.gatewaySubscriptionId` in messages for locale `en`.
    at getFallbackFromErrorAndNotify (http://reseller.localhost:4200/_next/static/chunks/node_modules__pnpm_b1b9e650._.js:7535:23)
    at translateBaseFn (http://reseller.localhost:4200/_next/static/chunks/node_modules__pnpm_b1b9e650._.js:7565:28)
    at translateFn (http://reseller.localhost:4200/_next/static/chunks/node_modules__pnpm_b1b9e650._.js:7593:24)
    at SubscriptionFields (http://reseller.localhost:4200/_next/static/chunks/_a19a8c87._.js:1482:28)
    at Object.react_stack_bottom_frame (http://reseller.localhost:4200/_next/static/chunks/d935d_next_dist_compiled_react-dom_dd83c48e._.js:14816:24)
    at renderWithHooksAgain (http://reseller.localhost:4200/_next/static/chunks/d935d_next_dist_compiled_react-dom_dd83c48e._.js:4700:24)
    at renderWithHooks (http://reseller.localhost:4200/_next/static/chunks/d935d_next_dist_compiled_react-dom_dd83c48e._.js:4651:28)
    at updateFunctionComponent (http://reseller.localhost:4200/_next/static/chunks/d935d_next_dist_compiled_react-dom_dd83c48e._.js:6106:21)
    at beginWork (http://reseller.localhost:4200/_next/static/chunks/d935d_next_dist_compiled_react-dom_dd83c48e._.js:6702:24)
    at runWithFiberInDEV (http://reseller.localhost:4200/_next/static/chunks/d935d_next_dist_compiled_react-dom_dd83c48e._.js:959:74)
    at performUnitOfWork (http://reseller.localhost:4200/_next/static/chunks/d935d_next_dist_compiled_react-dom_dd83c48e._.js:9556:97)
    at workLoopSync (http://reseller.localhost:4200/_next/static/chunks/d935d_next_dist_compiled_react-dom_dd83c48e._.js:9450:40)
    at renderRootSync (http://reseller.localhost:4200/_next/static/chunks/d935d_next_dist_compiled_react-dom_dd83c48e._.js:9434:13)
    at performWorkOnRoot (http://reseller.localhost:4200/_next/static/chunks/d935d_next_dist_compiled_react-dom_dd83c48e._.js:9062:186)
    at performSyncWorkOnRoot (http://reseller.localhost:4200/_next/static/chunks/d935d_next_dist_compiled_react-dom_dd83c48e._.js:10232:9)
    at flushSyncWorkAcrossRoots_impl (http://reseller.localhost:4200/_next/static/chunks/d935d_next_dist_compiled_react-dom_dd83c48e._.js:10148:316)
    at processRootScheduleInMicrotask (http://reseller.localhost:4200/_next/static/chunks/d935d_next_dist_compiled_react-dom_dd83c48e._.js:10169:106)
    at http://reseller.localhost:4200/_next/static/chunks/d935d_next_dist_compiled_react-dom_dd83c48e._.js:10243:158 @ http://reseller.localhost:4200/_next/static/chunks/d935d_next_dist_e58561c9._.js:3117
[  623323ms] [ERROR] IntlError: MISSING_MESSAGE: Could not resolve `billing.subscriptions.detail.gatewayProvider` in messages for locale `en`.
    at getFallbackFromErrorAndNotify (http://reseller.localhost:4200/_next/static/chunks/node_modules__pnpm_b1b9e650._.js:7535:23)
    at translateBaseFn (http://reseller.localhost:4200/_next/static/chunks/node_modules__pnpm_b1b9e650._.js:7565:28)
    at translateFn (http://reseller.localhost:4200/_next/static/chunks/node_modules__pnpm_b1b9e650._.js:7593:24)
    at SubscriptionFields (http://reseller.localhost:4200/_next/static/chunks/_a19a8c87._.js:1496:28)
    at Object.react_stack_bottom_frame (http://reseller.localhost:4200/_next/static/chunks/d935d_next_dist_compiled_react-dom_dd83c48e._.js:14816:24)
    at renderWithHooksAgain (http://reseller.localhost:4200/_next/static/chunks/d935d_next_dist_compiled_react-dom_dd83c48e._.js:4700:24)
    at renderWithHooks (http://reseller.localhost:4200/_next/static/chunks/d935d_next_dist_compiled_react-dom_dd83c48e._.js:4651:28)
    at updateFunctionComponent (http://reseller.localhost:4200/_next/static/chunks/d935d_next_dist_compiled_react-dom_dd83c48e._.js:6106:21)
    at beginWork (http://reseller.localhost:4200/_next/static/chunks/d935d_next_dist_compiled_react-dom_dd83c48e._.js:6702:24)
    at runWithFiberInDEV (http://reseller.localhost:4200/_next/static/chunks/d935d_next_dist_compiled_react-dom_dd83c48e._.js:959:74)
    at performUnitOfWork (http://reseller.localhost:4200/_next/static/chunks/d935d_next_dist_compiled_react-dom_dd83c48e._.js:9556:97)
    at workLoopSync (http://reseller.localhost:4200/_next/static/chunks/d935d_next_dist_compiled_react-dom_dd83c48e._.js:9450:40)
    at renderRootSync (http://reseller.localhost:4200/_next/static/chunks/d935d_next_dist_compiled_react-dom_dd83c48e._.js:9434:13)
    at performWorkOnRoot (http://reseller.localhost:4200/_next/static/chunks/d935d_next_dist_compiled_react-dom_dd83c48e._.js:9062:186)
    at performSyncWorkOnRoot (http://reseller.localhost:4200/_next/static/chunks/d935d_next_dist_compiled_react-dom_dd83c48e._.js:10232:9)
    at flushSyncWorkAcrossRoots_impl (http://reseller.localhost:4200/_next/static/chunks/d935d_next_dist_compiled_react-dom_dd83c48e._.js:10148:316)
    at processRootScheduleInMicrotask (http://reseller.localhost:4200/_next/static/chunks/d935d_next_dist_compiled_react-dom_dd83c48e._.js:10169:106)
    at http://reseller.localhost:4200/_next/static/chunks/d935d_next_dist_compiled_react-dom_dd83c48e._.js:10243:158 @ http://reseller.localhost:4200/_next/static/chunks/d935d_next_dist_e58561c9._.js:3117
[  623323ms] [ERROR] IntlError: MISSING_MESSAGE: Could not resolve `billing.subscriptions.detail.cancelledAt` in messages for locale `en`.
    at getFallbackFromErrorAndNotify (http://reseller.localhost:4200/_next/static/chunks/node_modules__pnpm_b1b9e650._.js:7535:23)
    at translateBaseFn (http://reseller.localhost:4200/_next/static/chunks/node_modules__pnpm_b1b9e650._.js:7565:28)
    at translateFn (http://reseller.localhost:4200/_next/static/chunks/node_modules__pnpm_b1b9e650._.js:7593:24)
    at SubscriptionFields (http://reseller.localhost:4200/_next/static/chunks/_a19a8c87._.js:1547:28)
    at Object.react_stack_bottom_frame (http://reseller.localhost:4200/_next/static/chunks/d935d_next_dist_compiled_react-dom_dd83c48e._.js:14816:24)
    at renderWithHooksAgain (http://reseller.localhost:4200/_next/static/chunks/d935d_next_dist_compiled_react-dom_dd83c48e._.js:4700:24)
    at renderWithHooks (http://reseller.localhost:4200/_next/static/chunks/d935d_next_dist_compiled_react-dom_dd83c48e._.js:4651:28)
    at updateFunctionComponent (http://reseller.localhost:4200/_next/static/chunks/d935d_next_dist_compiled_react-dom_dd83c48e._.js:6106:21)
    at beginWork (http://reseller.localhost:4200/_next/static/chunks/d935d_next_dist_compiled_react-dom_dd83c48e._.js:6702:24)
    at runWithFiberInDEV (http://reseller.localhost:4200/_next/static/chunks/d935d_next_dist_compiled_react-dom_dd83c48e._.js:959:74)
    at performUnitOfWork (http://reseller.localhost:4200/_next/static/chunks/d935d_next_dist_compiled_react-dom_dd83c48e._.js:9556:97)
    at workLoopSync (http://reseller.localhost:4200/_next/static/chunks/d935d_next_dist_compiled_react-dom_dd83c48e._.js:9450:40)
    at renderRootSync (http://reseller.localhost:4200/_next/static/chunks/d935d_next_dist_compiled_react-dom_dd83c48e._.js:9434:13)
    at performWorkOnRoot (http://reseller.localhost:4200/_next/static/chunks/d935d_next_dist_compiled_react-dom_dd83c48e._.js:9062:186)
    at performSyncWorkOnRoot (http://reseller.localhost:4200/_next/static/chunks/d935d_next_dist_compiled_react-dom_dd83c48e._.js:10232:9)
    at flushSyncWorkAcrossRoots_impl (http://reseller.localhost:4200/_next/static/chunks/d935d_next_dist_compiled_react-dom_dd83c48e._.js:10148:316)
    at processRootScheduleInMicrotask (http://reseller.localhost:4200/_next/static/chunks/d935d_next_dist_compiled_react-dom_dd83c48e._.js:10169:106)
    at http://reseller.localhost:4200/_next/static/chunks/d935d_next_dist_compiled_react-dom_dd83c48e._.js:10243:158 @ http://reseller.localhost:4200/_next/static/chunks/d935d_next_dist_e58561c9._.js:3117
[  626085ms] [ERROR] IntlError: MISSING_MESSAGE: Could not resolve `billing.subscriptions.detail.gatewaySubscriptionId` in messages for locale `en`.
    at getFallbackFromErrorAndNotify (http://reseller.localhost:4200/_next/static/chunks/node_modules__pnpm_b1b9e650._.js:7535:23)
    at translateBaseFn (http://reseller.localhost:4200/_next/static/chunks/node_modules__pnpm_b1b9e650._.js:7565:28)
    at translateFn (http://reseller.localhost:4200/_next/static/chunks/node_modules__pnpm_b1b9e650._.js:7593:24)
    at SubscriptionFields (http://reseller.localhost:4200/_next/static/chunks/_a19a8c87._.js:1482:28)
    at Object.react_stack_bottom_frame (http://reseller.localhost:4200/_next/static/chunks/d935d_next_dist_compiled_react-dom_dd83c48e._.js:14816:24)
    at renderWithHooks (http://reseller.localhost:4200/_next/static/chunks/d935d_next_dist_compiled_react-dom_dd83c48e._.js:4645:24)
    at updateFunctionComponent (http://reseller.localhost:4200/_next/static/chunks/d935d_next_dist_compiled_react-dom_dd83c48e._.js:6106:21)
    at beginWork (http://reseller.localhost:4200/_next/static/chunks/d935d_next_dist_compiled_react-dom_dd83c48e._.js:6702:24)
    at runWithFiberInDEV (http://reseller.localhost:4200/_next/static/chunks/d935d_next_dist_compiled_react-dom_dd83c48e._.js:959:74)
    at performUnitOfWork (http://reseller.localhost:4200/_next/static/chunks/d935d_next_dist_compiled_react-dom_dd83c48e._.js:9556:97)
    at workLoopSync (http://reseller.localhost:4200/_next/static/chunks/d935d_next_dist_compiled_react-dom_dd83c48e._.js:9450:40)
    at renderRootSync (http://reseller.localhost:4200/_next/static/chunks/d935d_next_dist_compiled_react-dom_dd83c48e._.js:9434:13)
    at performWorkOnRoot (http://reseller.localhost:4200/_next/static/chunks/d935d_next_dist_compiled_react-dom_dd83c48e._.js:9062:186)
    at performSyncWorkOnRoot (http://reseller.localhost:4200/_next/static/chunks/d935d_next_dist_compiled_react-dom_dd83c48e._.js:10232:9)
    at flushSyncWorkAcrossRoots_impl (http://reseller.localhost:4200/_next/static/chunks/d935d_next_dist_compiled_react-dom_dd83c48e._.js:10148:316)
    at processRootScheduleInMicrotask (http://reseller.localhost:4200/_next/static/chunks/d935d_next_dist_compiled_react-dom_dd83c48e._.js:10169:106)
    at http://reseller.localhost:4200/_next/static/chunks/d935d_next_dist_compiled_react-dom_dd83c48e._.js:10243:158 @ http://reseller.localhost:4200/_next/static/chunks/d935d_next_dist_e58561c9._.js:3117
[  626085ms] [ERROR] IntlError: MISSING_MESSAGE: Could not resolve `billing.subscriptions.detail.gatewayProvider` in messages for locale `en`.
    at getFallbackFromErrorAndNotify (http://reseller.localhost:4200/_next/static/chunks/node_modules__pnpm_b1b9e650._.js:7535:23)
    at translateBaseFn (http://reseller.localhost:4200/_next/static/chunks/node_modules__pnpm_b1b9e650._.js:7565:28)
    at translateFn (http://reseller.localhost:4200/_next/static/chunks/node_modules__pnpm_b1b9e650._.js:7593:24)
    at SubscriptionFields (http://reseller.localhost:4200/_next/static/chunks/_a19a8c87._.js:1496:28)
    at Object.react_stack_bottom_frame (http://reseller.localhost:4200/_next/static/chunks/d935d_next_dist_compiled_react-dom_dd83c48e._.js:14816:24)
    at renderWithHooks (http://reseller.localhost:4200/_next/static/chunks/d935d_next_dist_compiled_react-dom_dd83c48e._.js:4645:24)
    at updateFunctionComponent (http://reseller.localhost:4200/_next/static/chunks/d935d_next_dist_compiled_react-dom_dd83c48e._.js:6106:21)
    at beginWork (http://reseller.localhost:4200/_next/static/chunks/d935d_next_dist_compiled_react-dom_dd83c48e._.js:6702:24)
    at runWithFiberInDEV (http://reseller.localhost:4200/_next/static/chunks/d935d_next_dist_compiled_react-dom_dd83c48e._.js:959:74)
    at performUnitOfWork (http://reseller.localhost:4200/_next/static/chunks/d935d_next_dist_compiled_react-dom_dd83c48e._.js:9556:97)
    at workLoopSync (http://reseller.localhost:4200/_next/static/chunks/d935d_next_dist_compiled_react-dom_dd83c48e._.js:9450:40)
    at renderRootSync (http://reseller.localhost:4200/_next/static/chunks/d935d_next_dist_compiled_react-dom_dd83c48e._.js:9434:13)
    at performWorkOnRoot (http://reseller.localhost:4200/_next/static/chunks/d935d_next_dist_compiled_react-dom_dd83c48e._.js:9062:186)
    at performSyncWorkOnRoot (http://reseller.localhost:4200/_next/static/chunks/d935d_next_dist_compiled_react-dom_dd83c48e._.js:10232:9)
    at flushSyncWorkAcrossRoots_impl (http://reseller.localhost:4200/_next/static/chunks/d935d_next_dist_compiled_react-dom_dd83c48e._.js:10148:316)
    at processRootScheduleInMicrotask (http://reseller.localhost:4200/_next/static/chunks/d935d_next_dist_compiled_react-dom_dd83c48e._.js:10169:106)
    at http://reseller.localhost:4200/_next/static/chunks/d935d_next_dist_compiled_react-dom_dd83c48e._.js:10243:158 @ http://reseller.localhost:4200/_next/static/chunks/d935d_next_dist_e58561c9._.js:3117
[  626085ms] [ERROR] IntlError: MISSING_MESSAGE: Could not resolve `billing.subscriptions.detail.cancelledAt` in messages for locale `en`.
    at getFallbackFromErrorAndNotify (http://reseller.localhost:4200/_next/static/chunks/node_modules__pnpm_b1b9e650._.js:7535:23)
    at translateBaseFn (http://reseller.localhost:4200/_next/static/chunks/node_modules__pnpm_b1b9e650._.js:7565:28)
    at translateFn (http://reseller.localhost:4200/_next/static/chunks/node_modules__pnpm_b1b9e650._.js:7593:24)
    at SubscriptionFields (http://reseller.localhost:4200/_next/static/chunks/_a19a8c87._.js:1547:28)
    at Object.react_stack_bottom_frame (http://reseller.localhost:4200/_next/static/chunks/d935d_next_dist_compiled_react-dom_dd83c48e._.js:14816:24)
    at renderWithHooks (http://reseller.localhost:4200/_next/static/chunks/d935d_next_dist_compiled_react-dom_dd83c48e._.js:4645:24)
    at updateFunctionComponent (http://reseller.localhost:4200/_next/static/chunks/d935d_next_dist_compiled_react-dom_dd83c48e._.js:6106:21)
    at beginWork (http://reseller.localhost:4200/_next/static/chunks/d935d_next_dist_compiled_react-dom_dd83c48e._.js:6702:24)
    at runWithFiberInDEV (http://reseller.localhost:4200/_next/static/chunks/d935d_next_dist_compiled_react-dom_dd83c48e._.js:959:74)
    at performUnitOfWork (http://reseller.localhost:4200/_next/static/chunks/d935d_next_dist_compiled_react-dom_dd83c48e._.js:9556:97)
    at workLoopSync (http://reseller.localhost:4200/_next/static/chunks/d935d_next_dist_compiled_react-dom_dd83c48e._.js:9450:40)
    at renderRootSync (http://reseller.localhost:4200/_next/static/chunks/d935d_next_dist_compiled_react-dom_dd83c48e._.js:9434:13)
    at performWorkOnRoot (http://reseller.localhost:4200/_next/static/chunks/d935d_next_dist_compiled_react-dom_dd83c48e._.js:9062:186)
    at performSyncWorkOnRoot (http://reseller.localhost:4200/_next/static/chunks/d935d_next_dist_compiled_react-dom_dd83c48e._.js:10232:9)
    at flushSyncWorkAcrossRoots_impl (http://reseller.localhost:4200/_next/static/chunks/d935d_next_dist_compiled_react-dom_dd83c48e._.js:10148:316)
    at processRootScheduleInMicrotask (http://reseller.localhost:4200/_next/static/chunks/d935d_next_dist_compiled_react-dom_dd83c48e._.js:10169:106)
    at http://reseller.localhost:4200/_next/static/chunks/d935d_next_dist_compiled_react-dom_dd83c48e._.js:10243:158 @ http://reseller.localhost:4200/_next/static/chunks/d935d_next_dist_e58561c9._.js:3117
[  626085ms] [ERROR] IntlError: MISSING_MESSAGE: Could not resolve `billing.subscriptions.detail.gatewaySubscriptionId` in messages for locale `en`.
    at getFallbackFromErrorAndNotify (http://reseller.localhost:4200/_next/static/chunks/node_modules__pnpm_b1b9e650._.js:7535:23)
    at translateBaseFn (http://reseller.localhost:4200/_next/static/chunks/node_modules__pnpm_b1b9e650._.js:7565:28)
    at translateFn (http://reseller.localhost:4200/_next/static/chunks/node_modules__pnpm_b1b9e650._.js:7593:24)
    at SubscriptionFields (http://reseller.localhost:4200/_next/static/chunks/_a19a8c87._.js:1482:28)
    at Object.react_stack_bottom_frame (http://reseller.localhost:4200/_next/static/chunks/d935d_next_dist_compiled_react-dom_dd83c48e._.js:14816:24)
    at renderWithHooksAgain (http://reseller.localhost:4200/_next/static/chunks/d935d_next_dist_compiled_react-dom_dd83c48e._.js:4700:24)
    at renderWithHooks (http://reseller.localhost:4200/_next/static/chunks/d935d_next_dist_compiled_react-dom_dd83c48e._.js:4651:28)
    at updateFunctionComponent (http://reseller.localhost:4200/_next/static/chunks/d935d_next_dist_compiled_react-dom_dd83c48e._.js:6106:21)
    at beginWork (http://reseller.localhost:4200/_next/static/chunks/d935d_next_dist_compiled_react-dom_dd83c48e._.js:6702:24)
    at runWithFiberInDEV (http://reseller.localhost:4200/_next/static/chunks/d935d_next_dist_compiled_react-dom_dd83c48e._.js:959:74)
    at performUnitOfWork (http://reseller.localhost:4200/_next/static/chunks/d935d_next_dist_compiled_react-dom_dd83c48e._.js:9556:97)
    at workLoopSync (http://reseller.localhost:4200/_next/static/chunks/d935d_next_dist_compiled_react-dom_dd83c48e._.js:9450:40)
    at renderRootSync (http://reseller.localhost:4200/_next/static/chunks/d935d_next_dist_compiled_react-dom_dd83c48e._.js:9434:13)
    at performWorkOnRoot (http://reseller.localhost:4200/_next/static/chunks/d935d_next_dist_compiled_react-dom_dd83c48e._.js:9062:186)
    at performSyncWorkOnRoot (http://reseller.localhost:4200/_next/static/chunks/d935d_next_dist_compiled_react-dom_dd83c48e._.js:10232:9)
    at flushSyncWorkAcrossRoots_impl (http://reseller.localhost:4200/_next/static/chunks/d935d_next_dist_compiled_react-dom_dd83c48e._.js:10148:316)
    at processRootScheduleInMicrotask (http://reseller.localhost:4200/_next/static/chunks/d935d_next_dist_compiled_react-dom_dd83c48e._.js:10169:106)
    at http://reseller.localhost:4200/_next/static/chunks/d935d_next_dist_compiled_react-dom_dd83c48e._.js:10243:158 @ http://reseller.localhost:4200/_next/static/chunks/d935d_next_dist_e58561c9._.js:3117
[  626086ms] [ERROR] IntlError: MISSING_MESSAGE: Could not resolve `billing.subscriptions.detail.gatewayProvider` in messages for locale `en`.
    at getFallbackFromErrorAndNotify (http://reseller.localhost:4200/_next/static/chunks/node_modules__pnpm_b1b9e650._.js:7535:23)
    at translateBaseFn (http://reseller.localhost:4200/_next/static/chunks/node_modules__pnpm_b1b9e650._.js:7565:28)
    at translateFn (http://reseller.localhost:4200/_next/static/chunks/node_modules__pnpm_b1b9e650._.js:7593:24)
    at SubscriptionFields (http://reseller.localhost:4200/_next/static/chunks/_a19a8c87._.js:1496:28)
    at Object.react_stack_bottom_frame (http://reseller.localhost:4200/_next/static/chunks/d935d_next_dist_compiled_react-dom_dd83c48e._.js:14816:24)
    at renderWithHooksAgain (http://reseller.localhost:4200/_next/static/chunks/d935d_next_dist_compiled_react-dom_dd83c48e._.js:4700:24)
    at renderWithHooks (http://reseller.localhost:4200/_next/static/chunks/d935d_next_dist_compiled_react-dom_dd83c48e._.js:4651:28)
    at updateFunctionComponent (http://reseller.localhost:4200/_next/static/chunks/d935d_next_dist_compiled_react-dom_dd83c48e._.js:6106:21)
    at beginWork (http://reseller.localhost:4200/_next/static/chunks/d935d_next_dist_compiled_react-dom_dd83c48e._.js:6702:24)
    at runWithFiberInDEV (http://reseller.localhost:4200/_next/static/chunks/d935d_next_dist_compiled_react-dom_dd83c48e._.js:959:74)
    at performUnitOfWork (http://reseller.localhost:4200/_next/static/chunks/d935d_next_dist_compiled_react-dom_dd83c48e._.js:9556:97)
    at workLoopSync (http://reseller.localhost:4200/_next/static/chunks/d935d_next_dist_compiled_react-dom_dd83c48e._.js:9450:40)
    at renderRootSync (http://reseller.localhost:4200/_next/static/chunks/d935d_next_dist_compiled_react-dom_dd83c48e._.js:9434:13)
    at performWorkOnRoot (http://reseller.localhost:4200/_next/static/chunks/d935d_next_dist_compiled_react-dom_dd83c48e._.js:9062:186)
    at performSyncWorkOnRoot (http://reseller.localhost:4200/_next/static/chunks/d935d_next_dist_compiled_react-dom_dd83c48e._.js:10232:9)
    at flushSyncWorkAcrossRoots_impl (http://reseller.localhost:4200/_next/static/chunks/d935d_next_dist_compiled_react-dom_dd83c48e._.js:10148:316)
    at processRootScheduleInMicrotask (http://reseller.localhost:4200/_next/static/chunks/d935d_next_dist_compiled_react-dom_dd83c48e._.js:10169:106)
    at http://reseller.localhost:4200/_next/static/chunks/d935d_next_dist_compiled_react-dom_dd83c48e._.js:10243:158 @ http://reseller.localhost:4200/_next/static/chunks/d935d_next_dist_e58561c9._.js:3117
[  626086ms] [ERROR] IntlError: MISSING_MESSAGE: Could not resolve `billing.subscriptions.detail.cancelledAt` in messages for locale `en`.
    at getFallbackFromErrorAndNotify (http://reseller.localhost:4200/_next/static/chunks/node_modules__pnpm_b1b9e650._.js:7535:23)
    at translateBaseFn (http://reseller.localhost:4200/_next/static/chunks/node_modules__pnpm_b1b9e650._.js:7565:28)
    at translateFn (http://reseller.localhost:4200/_next/static/chunks/node_modules__pnpm_b1b9e650._.js:7593:24)
    at SubscriptionFields (http://reseller.localhost:4200/_next/static/chunks/_a19a8c87._.js:1547:28)
    at Object.react_stack_bottom_frame (http://reseller.localhost:4200/_next/static/chunks/d935d_next_dist_compiled_react-dom_dd83c48e._.js:14816:24)
    at renderWithHooksAgain (http://reseller.localhost:4200/_next/static/chunks/d935d_next_dist_compiled_react-dom_dd83c48e._.js:4700:24)
    at renderWithHooks (http://reseller.localhost:4200/_next/static/chunks/d935d_next_dist_compiled_react-dom_dd83c48e._.js:4651:28)
    at updateFunctionComponent (http://reseller.localhost:4200/_next/static/chunks/d935d_next_dist_compiled_react-dom_dd83c48e._.js:6106:21)
    at beginWork (http://reseller.localhost:4200/_next/static/chunks/d935d_next_dist_compiled_react-dom_dd83c48e._.js:6702:24)
    at runWithFiberInDEV (http://reseller.localhost:4200/_next/static/chunks/d935d_next_dist_compiled_react-dom_dd83c48e._.js:959:74)
    at performUnitOfWork (http://reseller.localhost:4200/_next/static/chunks/d935d_next_dist_compiled_react-dom_dd83c48e._.js:9556:97)
    at workLoopSync (http://reseller.localhost:4200/_next/static/chunks/d935d_next_dist_compiled_react-dom_dd83c48e._.js:9450:40)
    at renderRootSync (http://reseller.localhost:4200/_next/static/chunks/d935d_next_dist_compiled_react-dom_dd83c48e._.js:9434:13)
    at performWorkOnRoot (http://reseller.localhost:4200/_next/static/chunks/d935d_next_dist_compiled_react-dom_dd83c48e._.js:9062:186)
    at performSyncWorkOnRoot (http://reseller.localhost:4200/_next/static/chunks/d935d_next_dist_compiled_react-dom_dd83c48e._.js:10232:9)
    at flushSyncWorkAcrossRoots_impl (http://reseller.localhost:4200/_next/static/chunks/d935d_next_dist_compiled_react-dom_dd83c48e._.js:10148:316)
    at processRootScheduleInMicrotask (http://reseller.localhost:4200/_next/static/chunks/d935d_next_dist_compiled_react-dom_dd83c48e._.js:10169:106)
    at http://reseller.localhost:4200/_next/static/chunks/d935d_next_dist_compiled_react-dom_dd83c48e._.js:10243:158 @ http://reseller.localhost:4200/_next/static/chunks/d935d_next_dist_e58561c9._.js:3117
[  641313ms] [ERROR] IntlError: MISSING_MESSAGE: Could not resolve `billing.subscriptions.detail.gatewaySubscriptionId` in messages for locale `en`.
    at getFallbackFromErrorAndNotify (http://reseller.localhost:4200/_next/static/chunks/node_modules__pnpm_b1b9e650._.js:7535:23)
    at translateBaseFn (http://reseller.localhost:4200/_next/static/chunks/node_modules__pnpm_b1b9e650._.js:7565:28)
    at translateFn (http://reseller.localhost:4200/_next/static/chunks/node_modules__pnpm_b1b9e650._.js:7593:24)
    at SubscriptionFields (http://reseller.localhost:4200/_next/static/chunks/_a19a8c87._.js:1482:28)
    at Object.react_stack_bottom_frame (http://reseller.localhost:4200/_next/static/chunks/d935d_next_dist_compiled_react-dom_dd83c48e._.js:14816:24)
    at renderWithHooks (http://reseller.localhost:4200/_next/static/chunks/d935d_next_dist_compiled_react-dom_dd83c48e._.js:4645:24)
    at updateFunctionComponent (http://reseller.localhost:4200/_next/static/chunks/d935d_next_dist_compiled_react-dom_dd83c48e._.js:6106:21)
    at beginWork (http://reseller.localhost:4200/_next/static/chunks/d935d_next_dist_compiled_react-dom_dd83c48e._.js:6702:24)
    at runWithFiberInDEV (http://reseller.localhost:4200/_next/static/chunks/d935d_next_dist_compiled_react-dom_dd83c48e._.js:959:74)
    at performUnitOfWork (http://reseller.localhost:4200/_next/static/chunks/d935d_next_dist_compiled_react-dom_dd83c48e._.js:9556:97)
    at workLoopSync (http://reseller.localhost:4200/_next/static/chunks/d935d_next_dist_compiled_react-dom_dd83c48e._.js:9450:40)
    at renderRootSync (http://reseller.localhost:4200/_next/static/chunks/d935d_next_dist_compiled_react-dom_dd83c48e._.js:9434:13)
    at performWorkOnRoot (http://reseller.localhost:4200/_next/static/chunks/d935d_next_dist_compiled_react-dom_dd83c48e._.js:9062:186)
    at performSyncWorkOnRoot (http://reseller.localhost:4200/_next/static/chunks/d935d_next_dist_compiled_react-dom_dd83c48e._.js:10232:9)
    at flushSyncWorkAcrossRoots_impl (http://reseller.localhost:4200/_next/static/chunks/d935d_next_dist_compiled_react-dom_dd83c48e._.js:10148:316)
    at processRootScheduleInMicrotask (http://reseller.localhost:4200/_next/static/chunks/d935d_next_dist_compiled_react-dom_dd83c48e._.js:10169:106)
    at http://reseller.localhost:4200/_next/static/chunks/d935d_next_dist_compiled_react-dom_dd83c48e._.js:10243:158 @ http://reseller.localhost:4200/_next/static/chunks/d935d_next_dist_e58561c9._.js:3117
[  641313ms] [ERROR] IntlError: MISSING_MESSAGE: Could not resolve `billing.subscriptions.detail.gatewayProvider` in messages for locale `en`.
    at getFallbackFromErrorAndNotify (http://reseller.localhost:4200/_next/static/chunks/node_modules__pnpm_b1b9e650._.js:7535:23)
    at translateBaseFn (http://reseller.localhost:4200/_next/static/chunks/node_modules__pnpm_b1b9e650._.js:7565:28)
    at translateFn (http://reseller.localhost:4200/_next/static/chunks/node_modules__pnpm_b1b9e650._.js:7593:24)
    at SubscriptionFields (http://reseller.localhost:4200/_next/static/chunks/_a19a8c87._.js:1496:28)
    at Object.react_stack_bottom_frame (http://reseller.localhost:4200/_next/static/chunks/d935d_next_dist_compiled_react-dom_dd83c48e._.js:14816:24)
    at renderWithHooks (http://reseller.localhost:4200/_next/static/chunks/d935d_next_dist_compiled_react-dom_dd83c48e._.js:4645:24)
    at updateFunctionComponent (http://reseller.localhost:4200/_next/static/chunks/d935d_next_dist_compiled_react-dom_dd83c48e._.js:6106:21)
    at beginWork (http://reseller.localhost:4200/_next/static/chunks/d935d_next_dist_compiled_react-dom_dd83c48e._.js:6702:24)
    at runWithFiberInDEV (http://reseller.localhost:4200/_next/static/chunks/d935d_next_dist_compiled_react-dom_dd83c48e._.js:959:74)
    at performUnitOfWork (http://reseller.localhost:4200/_next/static/chunks/d935d_next_dist_compiled_react-dom_dd83c48e._.js:9556:97)
    at workLoopSync (http://reseller.localhost:4200/_next/static/chunks/d935d_next_dist_compiled_react-dom_dd83c48e._.js:9450:40)
    at renderRootSync (http://reseller.localhost:4200/_next/static/chunks/d935d_next_dist_compiled_react-dom_dd83c48e._.js:9434:13)
    at performWorkOnRoot (http://reseller.localhost:4200/_next/static/chunks/d935d_next_dist_compiled_react-dom_dd83c48e._.js:9062:186)
    at performSyncWorkOnRoot (http://reseller.localhost:4200/_next/static/chunks/d935d_next_dist_compiled_react-dom_dd83c48e._.js:10232:9)
    at flushSyncWorkAcrossRoots_impl (http://reseller.localhost:4200/_next/static/chunks/d935d_next_dist_compiled_react-dom_dd83c48e._.js:10148:316)
    at processRootScheduleInMicrotask (http://reseller.localhost:4200/_next/static/chunks/d935d_next_dist_compiled_react-dom_dd83c48e._.js:10169:106)
    at http://reseller.localhost:4200/_next/static/chunks/d935d_next_dist_compiled_react-dom_dd83c48e._.js:10243:158 @ http://reseller.localhost:4200/_next/static/chunks/d935d_next_dist_e58561c9._.js:3117
[  641313ms] [ERROR] IntlError: MISSING_MESSAGE: Could not resolve `billing.subscriptions.detail.cancelledAt` in messages for locale `en`.
    at getFallbackFromErrorAndNotify (http://reseller.localhost:4200/_next/static/chunks/node_modules__pnpm_b1b9e650._.js:7535:23)
    at translateBaseFn (http://reseller.localhost:4200/_next/static/chunks/node_modules__pnpm_b1b9e650._.js:7565:28)
    at translateFn (http://reseller.localhost:4200/_next/static/chunks/node_modules__pnpm_b1b9e650._.js:7593:24)
    at SubscriptionFields (http://reseller.localhost:4200/_next/static/chunks/_a19a8c87._.js:1547:28)
    at Object.react_stack_bottom_frame (http://reseller.localhost:4200/_next/static/chunks/d935d_next_dist_compiled_react-dom_dd83c48e._.js:14816:24)
    at renderWithHooks (http://reseller.localhost:4200/_next/static/chunks/d935d_next_dist_compiled_react-dom_dd83c48e._.js:4645:24)
    at updateFunctionComponent (http://reseller.localhost:4200/_next/static/chunks/d935d_next_dist_compiled_react-dom_dd83c48e._.js:6106:21)
    at beginWork (http://reseller.localhost:4200/_next/static/chunks/d935d_next_dist_compiled_react-dom_dd83c48e._.js:6702:24)
    at runWithFiberInDEV (http://reseller.localhost:4200/_next/static/chunks/d935d_next_dist_compiled_react-dom_dd83c48e._.js:959:74)
    at performUnitOfWork (http://reseller.localhost:4200/_next/static/chunks/d935d_next_dist_compiled_react-dom_dd83c48e._.js:9556:97)
    at workLoopSync (http://reseller.localhost:4200/_next/static/chunks/d935d_next_dist_compiled_react-dom_dd83c48e._.js:9450:40)
    at renderRootSync (http://reseller.localhost:4200/_next/static/chunks/d935d_next_dist_compiled_react-dom_dd83c48e._.js:9434:13)
    at performWorkOnRoot (http://reseller.localhost:4200/_next/static/chunks/d935d_next_dist_compiled_react-dom_dd83c48e._.js:9062:186)
    at performSyncWorkOnRoot (http://reseller.localhost:4200/_next/static/chunks/d935d_next_dist_compiled_react-dom_dd83c48e._.js:10232:9)
    at flushSyncWorkAcrossRoots_impl (http://reseller.localhost:4200/_next/static/chunks/d935d_next_dist_compiled_react-dom_dd83c48e._.js:10148:316)
    at processRootScheduleInMicrotask (http://reseller.localhost:4200/_next/static/chunks/d935d_next_dist_compiled_react-dom_dd83c48e._.js:10169:106)
    at http://reseller.localhost:4200/_next/static/chunks/d935d_next_dist_compiled_react-dom_dd83c48e._.js:10243:158 @ http://reseller.localhost:4200/_next/static/chunks/d935d_next_dist_e58561c9._.js:3117
[  641314ms] [ERROR] IntlError: MISSING_MESSAGE: Could not resolve `billing.subscriptions.detail.gatewaySubscriptionId` in messages for locale `en`.
    at getFallbackFromErrorAndNotify (http://reseller.localhost:4200/_next/static/chunks/node_modules__pnpm_b1b9e650._.js:7535:23)
    at translateBaseFn (http://reseller.localhost:4200/_next/static/chunks/node_modules__pnpm_b1b9e650._.js:7565:28)
    at translateFn (http://reseller.localhost:4200/_next/static/chunks/node_modules__pnpm_b1b9e650._.js:7593:24)
    at SubscriptionFields (http://reseller.localhost:4200/_next/static/chunks/_a19a8c87._.js:1482:28)
    at Object.react_stack_bottom_frame (http://reseller.localhost:4200/_next/static/chunks/d935d_next_dist_compiled_react-dom_dd83c48e._.js:14816:24)
    at renderWithHooksAgain (http://reseller.localhost:4200/_next/static/chunks/d935d_next_dist_compiled_react-dom_dd83c48e._.js:4700:24)
    at renderWithHooks (http://reseller.localhost:4200/_next/static/chunks/d935d_next_dist_compiled_react-dom_dd83c48e._.js:4651:28)
    at updateFunctionComponent (http://reseller.localhost:4200/_next/static/chunks/d935d_next_dist_compiled_react-dom_dd83c48e._.js:6106:21)
    at beginWork (http://reseller.localhost:4200/_next/static/chunks/d935d_next_dist_compiled_react-dom_dd83c48e._.js:6702:24)
    at runWithFiberInDEV (http://reseller.localhost:4200/_next/static/chunks/d935d_next_dist_compiled_react-dom_dd83c48e._.js:959:74)
    at performUnitOfWork (http://reseller.localhost:4200/_next/static/chunks/d935d_next_dist_compiled_react-dom_dd83c48e._.js:9556:97)
    at workLoopSync (http://reseller.localhost:4200/_next/static/chunks/d935d_next_dist_compiled_react-dom_dd83c48e._.js:9450:40)
    at renderRootSync (http://reseller.localhost:4200/_next/static/chunks/d935d_next_dist_compiled_react-dom_dd83c48e._.js:9434:13)
    at performWorkOnRoot (http://reseller.localhost:4200/_next/static/chunks/d935d_next_dist_compiled_react-dom_dd83c48e._.js:9062:186)
    at performSyncWorkOnRoot (http://reseller.localhost:4200/_next/static/chunks/d935d_next_dist_compiled_react-dom_dd83c48e._.js:10232:9)
    at flushSyncWorkAcrossRoots_impl (http://reseller.localhost:4200/_next/static/chunks/d935d_next_dist_compiled_react-dom_dd83c48e._.js:10148:316)
    at processRootScheduleInMicrotask (http://reseller.localhost:4200/_next/static/chunks/d935d_next_dist_compiled_react-dom_dd83c48e._.js:10169:106)
    at http://reseller.localhost:4200/_next/static/chunks/d935d_next_dist_compiled_react-dom_dd83c48e._.js:10243:158 @ http://reseller.localhost:4200/_next/static/chunks/d935d_next_dist_e58561c9._.js:3117
[  641314ms] [ERROR] IntlError: MISSING_MESSAGE: Could not resolve `billing.subscriptions.detail.gatewayProvider` in messages for locale `en`.
    at getFallbackFromErrorAndNotify (http://reseller.localhost:4200/_next/static/chunks/node_modules__pnpm_b1b9e650._.js:7535:23)
    at translateBaseFn (http://reseller.localhost:4200/_next/static/chunks/node_modules__pnpm_b1b9e650._.js:7565:28)
    at translateFn (http://reseller.localhost:4200/_next/static/chunks/node_modules__pnpm_b1b9e650._.js:7593:24)
    at SubscriptionFields (http://reseller.localhost:4200/_next/static/chunks/_a19a8c87._.js:1496:28)
    at Object.react_stack_bottom_frame (http://reseller.localhost:4200/_next/static/chunks/d935d_next_dist_compiled_react-dom_dd83c48e._.js:14816:24)
    at renderWithHooksAgain (http://reseller.localhost:4200/_next/static/chunks/d935d_next_dist_compiled_react-dom_dd83c48e._.js:4700:24)
    at renderWithHooks (http://reseller.localhost:4200/_next/static/chunks/d935d_next_dist_compiled_react-dom_dd83c48e._.js:4651:28)
    at updateFunctionComponent (http://reseller.localhost:4200/_next/static/chunks/d935d_next_dist_compiled_react-dom_dd83c48e._.js:6106:21)
    at beginWork (http://reseller.localhost:4200/_next/static/chunks/d935d_next_dist_compiled_react-dom_dd83c48e._.js:6702:24)
    at runWithFiberInDEV (http://reseller.localhost:4200/_next/static/chunks/d935d_next_dist_compiled_react-dom_dd83c48e._.js:959:74)
    at performUnitOfWork (http://reseller.localhost:4200/_next/static/chunks/d935d_next_dist_compiled_react-dom_dd83c48e._.js:9556:97)
    at workLoopSync (http://reseller.localhost:4200/_next/static/chunks/d935d_next_dist_compiled_react-dom_dd83c48e._.js:9450:40)
    at renderRootSync (http://reseller.localhost:4200/_next/static/chunks/d935d_next_dist_compiled_react-dom_dd83c48e._.js:9434:13)
    at performWorkOnRoot (http://reseller.localhost:4200/_next/static/chunks/d935d_next_dist_compiled_react-dom_dd83c48e._.js:9062:186)
    at performSyncWorkOnRoot (http://reseller.localhost:4200/_next/static/chunks/d935d_next_dist_compiled_react-dom_dd83c48e._.js:10232:9)
    at flushSyncWorkAcrossRoots_impl (http://reseller.localhost:4200/_next/static/chunks/d935d_next_dist_compiled_react-dom_dd83c48e._.js:10148:316)
    at processRootScheduleInMicrotask (http://reseller.localhost:4200/_next/static/chunks/d935d_next_dist_compiled_react-dom_dd83c48e._.js:10169:106)
    at http://reseller.localhost:4200/_next/static/chunks/d935d_next_dist_compiled_react-dom_dd83c48e._.js:10243:158 @ http://reseller.localhost:4200/_next/static/chunks/d935d_next_dist_e58561c9._.js:3117
[  641314ms] [ERROR] IntlError: MISSING_MESSAGE: Could not resolve `billing.subscriptions.detail.cancelledAt` in messages for locale `en`.
    at getFallbackFromErrorAndNotify (http://reseller.localhost:4200/_next/static/chunks/node_modules__pnpm_b1b9e650._.js:7535:23)
    at translateBaseFn (http://reseller.localhost:4200/_next/static/chunks/node_modules__pnpm_b1b9e650._.js:7565:28)
    at translateFn (http://reseller.localhost:4200/_next/static/chunks/node_modules__pnpm_b1b9e650._.js:7593:24)
    at SubscriptionFields (http://reseller.localhost:4200/_next/static/chunks/_a19a8c87._.js:1547:28)
    at Object.react_stack_bottom_frame (http://reseller.localhost:4200/_next/static/chunks/d935d_next_dist_compiled_react-dom_dd83c48e._.js:14816:24)
    at renderWithHooksAgain (http://reseller.localhost:4200/_next/static/chunks/d935d_next_dist_compiled_react-dom_dd83c48e._.js:4700:24)
    at renderWithHooks (http://reseller.localhost:4200/_next/static/chunks/d935d_next_dist_compiled_react-dom_dd83c48e._.js:4651:28)
    at updateFunctionComponent (http://reseller.localhost:4200/_next/static/chunks/d935d_next_dist_compiled_react-dom_dd83c48e._.js:6106:21)
    at beginWork (http://reseller.localhost:4200/_next/static/chunks/d935d_next_dist_compiled_react-dom_dd83c48e._.js:6702:24)
    at runWithFiberInDEV (http://reseller.localhost:4200/_next/static/chunks/d935d_next_dist_compiled_react-dom_dd83c48e._.js:959:74)
    at performUnitOfWork (http://reseller.localhost:4200/_next/static/chunks/d935d_next_dist_compiled_react-dom_dd83c48e._.js:9556:97)
    at workLoopSync (http://reseller.localhost:4200/_next/static/chunks/d935d_next_dist_compiled_react-dom_dd83c48e._.js:9450:40)
    at renderRootSync (http://reseller.localhost:4200/_next/static/chunks/d935d_next_dist_compiled_react-dom_dd83c48e._.js:9434:13)
    at performWorkOnRoot (http://reseller.localhost:4200/_next/static/chunks/d935d_next_dist_compiled_react-dom_dd83c48e._.js:9062:186)
    at performSyncWorkOnRoot (http://reseller.localhost:4200/_next/static/chunks/d935d_next_dist_compiled_react-dom_dd83c48e._.js:10232:9)
    at flushSyncWorkAcrossRoots_impl (http://reseller.localhost:4200/_next/static/chunks/d935d_next_dist_compiled_react-dom_dd83c48e._.js:10148:316)
    at processRootScheduleInMicrotask (http://reseller.localhost:4200/_next/static/chunks/d935d_next_dist_compiled_react-dom_dd83c48e._.js:10169:106)
    at http://reseller.localhost:4200/_next/static/chunks/d935d_next_dist_compiled_react-dom_dd83c48e._.js:10243:158 @ http://reseller.localhost:4200/_next/static/chunks/d935d_next_dist_e58561c9._.js:3117
[ 1317968ms] [WARNING] The width(-1) and height(-1) of chart should be greater than 0,
       please check the style of container, or the props width(100%) and height(100%),
       or add a minWidth(0) or minHeight(undefined) or use aspect(undefined) to control the
       height and width. @ http://reseller.localhost:4200/_next/static/chunks/d935d_next_dist_e58561c9._.js:2287
[ 1317968ms] [WARNING] The width(-1) and height(-1) of chart should be greater than 0,
       please check the style of container, or the props width(100%) and height(100%),
       or add a minWidth(0) or minHeight(undefined) or use aspect(undefined) to control the
       height and width. @ http://reseller.localhost:4200/_next/static/chunks/d935d_next_dist_e58561c9._.js:2287
[ 1318207ms] [WARNING] The width(-1) and height(-1) of chart should be greater than 0,
       please check the style of container, or the props width(100%) and height(100%),
       or add a minWidth(0) or minHeight(undefined) or use aspect(undefined) to control the
       height and width. @ http://reseller.localhost:4200/_next/static/chunks/d935d_next_dist_e58561c9._.js:2287
[ 1318207ms] [WARNING] The width(-1) and height(-1) of chart should be greater than 0,
       please check the style of container, or the props width(100%) and height(100%),
       or add a minWidth(0) or minHeight(undefined) or use aspect(undefined) to control the
       height and width. @ http://reseller.localhost:4200/_next/static/chunks/d935d_next_dist_e58561c9._.js:2287
[ 2984480ms] [WARNING] The width(-1) and height(-1) of chart should be greater than 0,
       please check the style of container, or the props width(100%) and height(100%),
       or add a minWidth(0) or minHeight(undefined) or use aspect(undefined) to control the
       height and width. @ http://reseller.localhost:4200/_next/static/chunks/d935d_next_dist_e58561c9._.js:2287
[ 2984480ms] [WARNING] The width(-1) and height(-1) of chart should be greater than 0,
       please check the style of container, or the props width(100%) and height(100%),
       or add a minWidth(0) or minHeight(undefined) or use aspect(undefined) to control the
       height and width. @ http://reseller.localhost:4200/_next/static/chunks/d935d_next_dist_e58561c9._.js:2287
[ 2988149ms] [WARNING] The width(-1) and height(-1) of chart should be greater than 0,
       please check the style of container, or the props width(100%) and height(100%),
       or add a minWidth(0) or minHeight(undefined) or use aspect(undefined) to control the
       height and width. @ http://reseller.localhost:4200/_next/static/chunks/d935d_next_dist_e58561c9._.js:2287
[ 2988149ms] [WARNING] The width(-1) and height(-1) of chart should be greater than 0,
       please check the style of container, or the props width(100%) and height(100%),
       or add a minWidth(0) or minHeight(undefined) or use aspect(undefined) to control the
       height and width. @ http://reseller.localhost:4200/_next/static/chunks/d935d_next_dist_e58561c9._.js:2287
[ 4246610ms] [ERROR] Failed to load resource: the server responded with a status of 404 (Not Found) @ http://admin.localhost:4200/en/institutes:0
[ 4248974ms] [ERROR] Failed to load resource: the server responded with a status of 404 (Not Found) @ http://admin.localhost:4200/en/roles:0
[ 4250989ms] [WARNING] The width(-1) and height(-1) of chart should be greater than 0,
       please check the style of container, or the props width(100%) and height(100%),
       or add a minWidth(0) or minHeight(undefined) or use aspect(undefined) to control the
       height and width. @ http://reseller.localhost:4200/_next/static/chunks/d935d_next_dist_e58561c9._.js:2287
[ 4250989ms] [WARNING] The width(-1) and height(-1) of chart should be greater than 0,
       please check the style of container, or the props width(100%) and height(100%),
       or add a minWidth(0) or minHeight(undefined) or use aspect(undefined) to control the
       height and width. @ http://reseller.localhost:4200/_next/static/chunks/d935d_next_dist_e58561c9._.js:2287
[ 4290684ms] [ERROR] IntlError: MISSING_MESSAGE: Could not resolve `instituteBilling` in messages for locale `en`.
    at getMessagesOrError (http://localhost:4200/_next/static/chunks/node_modules__pnpm_b1b9e650._.js:7521:27)
    at createBaseTranslator (http://localhost:4200/_next/static/chunks/node_modules__pnpm_b1b9e650._.js:7526:29)
    at useTranslationsImpl.useMemo[translate] (http://localhost:4200/_next/static/chunks/node_modules__pnpm_b1b9e650._.js:8041:331)
    at mountMemo (http://localhost:4200/_next/static/chunks/d935d_next_dist_compiled_react-dom_dd83c48e._.js:5418:25)
    at Object.useMemo (http://localhost:4200/_next/static/chunks/d935d_next_dist_compiled_react-dom_dd83c48e._.js:14993:24)
    at exports.useMemo (http://localhost:4200/_next/static/chunks/d935d_next_dist_compiled_ce399604._.js:1742:36)
    at useTranslationsImpl (http://localhost:4200/_next/static/chunks/node_modules__pnpm_b1b9e650._.js:8040:403)
    at useTranslations (http://localhost:4200/_next/static/chunks/node_modules__pnpm_b1b9e650._.js:8079:12)
    at http://localhost:4200/_next/static/chunks/node_modules__pnpm_a5ff85fa._.js:16373:20
    at InstituteBillingPage (http://localhost:4200/_next/static/chunks/_05fc676b._.js:173:434)
    at Object.react_stack_bottom_frame (http://localhost:4200/_next/static/chunks/d935d_next_dist_compiled_react-dom_dd83c48e._.js:14816:24)
    at renderWithHooks (http://localhost:4200/_next/static/chunks/d935d_next_dist_compiled_react-dom_dd83c48e._.js:4645:24)
    at updateFunctionComponent (http://localhost:4200/_next/static/chunks/d935d_next_dist_compiled_react-dom_dd83c48e._.js:6106:21)
    at beginWork (http://localhost:4200/_next/static/chunks/d935d_next_dist_compiled_react-dom_dd83c48e._.js:6702:24)
    at runWithFiberInDEV (http://localhost:4200/_next/static/chunks/d935d_next_dist_compiled_react-dom_dd83c48e._.js:959:74)
    at performUnitOfWork (http://localhost:4200/_next/static/chunks/d935d_next_dist_compiled_react-dom_dd83c48e._.js:9556:97)
    at workLoopSync (http://localhost:4200/_next/static/chunks/d935d_next_dist_compiled_react-dom_dd83c48e._.js:9450:40)
    at renderRootSync (http://localhost:4200/_next/static/chunks/d935d_next_dist_compiled_react-dom_dd83c48e._.js:9434:13)
    at performWorkOnRoot (http://localhost:4200/_next/static/chunks/d935d_next_dist_compiled_react-dom_dd83c48e._.js:9062:186)
    at performSyncWorkOnRoot (http://localhost:4200/_next/static/chunks/d935d_next_dist_compiled_react-dom_dd83c48e._.js:10232:9)
    at flushSyncWorkAcrossRoots_impl (http://localhost:4200/_next/static/chunks/d935d_next_dist_compiled_react-dom_dd83c48e._.js:10148:316)
    at flushSpawnedWork (http://localhost:4200/_next/static/chunks/d935d_next_dist_compiled_react-dom_dd83c48e._.js:9908:13)
    at commitRoot (http://localhost:4200/_next/static/chunks/d935d_next_dist_compiled_react-dom_dd83c48e._.js:9714:432)
    at commitRootWhenReady (http://localhost:4200/_next/static/chunks/d935d_next_dist_compiled_react-dom_dd83c48e._.js:9188:9)
    at performWorkOnRoot (http://localhost:4200/_next/static/chunks/d935d_next_dist_compiled_react-dom_dd83c48e._.js:9160:25)
    at performWorkOnRootViaSchedulerTask (http://localhost:4200/_next/static/chunks/d935d_next_dist_compiled_react-dom_dd83c48e._.js:10224:9)
    at MessagePort.performWorkUntilDeadline (http://localhost:4200/_next/static/chunks/d935d_next_dist_compiled_ce399604._.js:2647:64) @ http://localhost:4200/_next/static/chunks/d935d_next_dist_e58561c9._.js:3117
[ 4290685ms] [ERROR] IntlError: MISSING_MESSAGE: Could not resolve `instituteBilling` in messages for locale `en`.
    at getMessagesOrError (http://localhost:4200/_next/static/chunks/node_modules__pnpm_b1b9e650._.js:7521:27)
    at createBaseTranslator (http://localhost:4200/_next/static/chunks/node_modules__pnpm_b1b9e650._.js:7526:29)
    at useTranslationsImpl.useMemo[translate] (http://localhost:4200/_next/static/chunks/node_modules__pnpm_b1b9e650._.js:8041:331)
    at mountMemo (http://localhost:4200/_next/static/chunks/d935d_next_dist_compiled_react-dom_dd83c48e._.js:5418:25)
    at Object.useMemo (http://localhost:4200/_next/static/chunks/d935d_next_dist_compiled_react-dom_dd83c48e._.js:14993:24)
    at exports.useMemo (http://localhost:4200/_next/static/chunks/d935d_next_dist_compiled_ce399604._.js:1742:36)
    at useTranslationsImpl (http://localhost:4200/_next/static/chunks/node_modules__pnpm_b1b9e650._.js:8040:403)
    at useTranslations (http://localhost:4200/_next/static/chunks/node_modules__pnpm_b1b9e650._.js:8079:12)
    at http://localhost:4200/_next/static/chunks/node_modules__pnpm_a5ff85fa._.js:16373:20
    at InstituteBillingPage (http://localhost:4200/_next/static/chunks/_05fc676b._.js:173:434)
    at Object.react_stack_bottom_frame (http://localhost:4200/_next/static/chunks/d935d_next_dist_compiled_react-dom_dd83c48e._.js:14816:24)
    at renderWithHooks (http://localhost:4200/_next/static/chunks/d935d_next_dist_compiled_react-dom_dd83c48e._.js:4645:24)
    at updateFunctionComponent (http://localhost:4200/_next/static/chunks/d935d_next_dist_compiled_react-dom_dd83c48e._.js:6106:21)
    at beginWork (http://localhost:4200/_next/static/chunks/d935d_next_dist_compiled_react-dom_dd83c48e._.js:6702:24)
    at runWithFiberInDEV (http://localhost:4200/_next/static/chunks/d935d_next_dist_compiled_react-dom_dd83c48e._.js:959:74)
    at performUnitOfWork (http://localhost:4200/_next/static/chunks/d935d_next_dist_compiled_react-dom_dd83c48e._.js:9556:97)
    at workLoopSync (http://localhost:4200/_next/static/chunks/d935d_next_dist_compiled_react-dom_dd83c48e._.js:9450:40)
    at renderRootSync (http://localhost:4200/_next/static/chunks/d935d_next_dist_compiled_react-dom_dd83c48e._.js:9434:13)
    at performWorkOnRoot (http://localhost:4200/_next/static/chunks/d935d_next_dist_compiled_react-dom_dd83c48e._.js:9062:186)
    at performSyncWorkOnRoot (http://localhost:4200/_next/static/chunks/d935d_next_dist_compiled_react-dom_dd83c48e._.js:10232:9)
    at flushSyncWorkAcrossRoots_impl (http://localhost:4200/_next/static/chunks/d935d_next_dist_compiled_react-dom_dd83c48e._.js:10148:316)
    at flushSpawnedWork (http://localhost:4200/_next/static/chunks/d935d_next_dist_compiled_react-dom_dd83c48e._.js:9908:13)
    at commitRoot (http://localhost:4200/_next/static/chunks/d935d_next_dist_compiled_react-dom_dd83c48e._.js:9714:432)
    at commitRootWhenReady (http://localhost:4200/_next/static/chunks/d935d_next_dist_compiled_react-dom_dd83c48e._.js:9188:9)
    at performWorkOnRoot (http://localhost:4200/_next/static/chunks/d935d_next_dist_compiled_react-dom_dd83c48e._.js:9160:25)
    at performWorkOnRootViaSchedulerTask (http://localhost:4200/_next/static/chunks/d935d_next_dist_compiled_react-dom_dd83c48e._.js:10224:9)
    at MessagePort.performWorkUntilDeadline (http://localhost:4200/_next/static/chunks/d935d_next_dist_compiled_ce399604._.js:2647:64) @ http://localhost:4200/_next/static/chunks/d935d_next_dist_e58561c9._.js:3117
[ 4290738ms] [ERROR] IntlError: MISSING_MESSAGE: Could not resolve `instituteBilling` in messages for locale `en`.
    at getMessagesOrError (http://localhost:4200/_next/static/chunks/node_modules__pnpm_b1b9e650._.js:7521:27)
    at createBaseTranslator (http://localhost:4200/_next/static/chunks/node_modules__pnpm_b1b9e650._.js:7526:29)
    at useTranslationsImpl.useMemo[translate] (http://localhost:4200/_next/static/chunks/node_modules__pnpm_b1b9e650._.js:8041:331)
    at mountMemo (http://localhost:4200/_next/static/chunks/d935d_next_dist_compiled_react-dom_dd83c48e._.js:5418:25)
    at Object.useMemo (http://localhost:4200/_next/static/chunks/d935d_next_dist_compiled_react-dom_dd83c48e._.js:14993:24)
    at exports.useMemo (http://localhost:4200/_next/static/chunks/d935d_next_dist_compiled_ce399604._.js:1742:36)
    at useTranslationsImpl (http://localhost:4200/_next/static/chunks/node_modules__pnpm_b1b9e650._.js:8040:403)
    at useTranslations (http://localhost:4200/_next/static/chunks/node_modules__pnpm_b1b9e650._.js:8079:12)
    at http://localhost:4200/_next/static/chunks/node_modules__pnpm_a5ff85fa._.js:16373:20
    at InstituteBillingPage (http://localhost:4200/_next/static/chunks/_05fc676b._.js:173:434)
    at Object.react_stack_bottom_frame (http://localhost:4200/_next/static/chunks/d935d_next_dist_compiled_react-dom_dd83c48e._.js:14816:24)
    at renderWithHooks (http://localhost:4200/_next/static/chunks/d935d_next_dist_compiled_react-dom_dd83c48e._.js:4645:24)
    at updateFunctionComponent (http://localhost:4200/_next/static/chunks/d935d_next_dist_compiled_react-dom_dd83c48e._.js:6106:21)
    at beginWork (http://localhost:4200/_next/static/chunks/d935d_next_dist_compiled_react-dom_dd83c48e._.js:6702:24)
    at runWithFiberInDEV (http://localhost:4200/_next/static/chunks/d935d_next_dist_compiled_react-dom_dd83c48e._.js:959:74)
    at performUnitOfWork (http://localhost:4200/_next/static/chunks/d935d_next_dist_compiled_react-dom_dd83c48e._.js:9556:97)
    at workLoopSync (http://localhost:4200/_next/static/chunks/d935d_next_dist_compiled_react-dom_dd83c48e._.js:9450:40)
    at renderRootSync (http://localhost:4200/_next/static/chunks/d935d_next_dist_compiled_react-dom_dd83c48e._.js:9434:13)
    at performWorkOnRoot (http://localhost:4200/_next/static/chunks/d935d_next_dist_compiled_react-dom_dd83c48e._.js:9062:186)
    at performSyncWorkOnRoot (http://localhost:4200/_next/static/chunks/d935d_next_dist_compiled_react-dom_dd83c48e._.js:10232:9)
    at flushSyncWorkAcrossRoots_impl (http://localhost:4200/_next/static/chunks/d935d_next_dist_compiled_react-dom_dd83c48e._.js:10148:316)
    at flushSpawnedWork (http://localhost:4200/_next/static/chunks/d935d_next_dist_compiled_react-dom_dd83c48e._.js:9908:13)
    at commitRoot (http://localhost:4200/_next/static/chunks/d935d_next_dist_compiled_react-dom_dd83c48e._.js:9714:432)
    at commitRootWhenReady (http://localhost:4200/_next/static/chunks/d935d_next_dist_compiled_react-dom_dd83c48e._.js:9188:9)
    at performWorkOnRoot (http://localhost:4200/_next/static/chunks/d935d_next_dist_compiled_react-dom_dd83c48e._.js:9160:25)
    at performWorkOnRootViaSchedulerTask (http://localhost:4200/_next/static/chunks/d935d_next_dist_compiled_react-dom_dd83c48e._.js:10224:9)
    at MessagePort.performWorkUntilDeadline (http://localhost:4200/_next/static/chunks/d935d_next_dist_compiled_ce399604._.js:2647:64) @ http://localhost:4200/_next/static/chunks/d935d_next_dist_e58561c9._.js:3117
[ 4290739ms] [ERROR] IntlError: MISSING_MESSAGE: Could not resolve `instituteBilling` in messages for locale `en`.
    at getMessagesOrError (http://localhost:4200/_next/static/chunks/node_modules__pnpm_b1b9e650._.js:7521:27)
    at createBaseTranslator (http://localhost:4200/_next/static/chunks/node_modules__pnpm_b1b9e650._.js:7526:29)
    at useTranslationsImpl.useMemo[translate] (http://localhost:4200/_next/static/chunks/node_modules__pnpm_b1b9e650._.js:8041:331)
    at mountMemo (http://localhost:4200/_next/static/chunks/d935d_next_dist_compiled_react-dom_dd83c48e._.js:5418:25)
    at Object.useMemo (http://localhost:4200/_next/static/chunks/d935d_next_dist_compiled_react-dom_dd83c48e._.js:14993:24)
    at exports.useMemo (http://localhost:4200/_next/static/chunks/d935d_next_dist_compiled_ce399604._.js:1742:36)
    at useTranslationsImpl (http://localhost:4200/_next/static/chunks/node_modules__pnpm_b1b9e650._.js:8040:403)
    at useTranslations (http://localhost:4200/_next/static/chunks/node_modules__pnpm_b1b9e650._.js:8079:12)
    at http://localhost:4200/_next/static/chunks/node_modules__pnpm_a5ff85fa._.js:16373:20
    at InstituteBillingPage (http://localhost:4200/_next/static/chunks/_05fc676b._.js:173:434)
    at Object.react_stack_bottom_frame (http://localhost:4200/_next/static/chunks/d935d_next_dist_compiled_react-dom_dd83c48e._.js:14816:24)
    at renderWithHooks (http://localhost:4200/_next/static/chunks/d935d_next_dist_compiled_react-dom_dd83c48e._.js:4645:24)
    at updateFunctionComponent (http://localhost:4200/_next/static/chunks/d935d_next_dist_compiled_react-dom_dd83c48e._.js:6106:21)
    at beginWork (http://localhost:4200/_next/static/chunks/d935d_next_dist_compiled_react-dom_dd83c48e._.js:6702:24)
    at runWithFiberInDEV (http://localhost:4200/_next/static/chunks/d935d_next_dist_compiled_react-dom_dd83c48e._.js:959:74)
    at performUnitOfWork (http://localhost:4200/_next/static/chunks/d935d_next_dist_compiled_react-dom_dd83c48e._.js:9556:97)
    at workLoopSync (http://localhost:4200/_next/static/chunks/d935d_next_dist_compiled_react-dom_dd83c48e._.js:9450:40)
    at renderRootSync (http://localhost:4200/_next/static/chunks/d935d_next_dist_compiled_react-dom_dd83c48e._.js:9434:13)
    at performWorkOnRoot (http://localhost:4200/_next/static/chunks/d935d_next_dist_compiled_react-dom_dd83c48e._.js:9062:186)
    at performSyncWorkOnRoot (http://localhost:4200/_next/static/chunks/d935d_next_dist_compiled_react-dom_dd83c48e._.js:10232:9)
    at flushSyncWorkAcrossRoots_impl (http://localhost:4200/_next/static/chunks/d935d_next_dist_compiled_react-dom_dd83c48e._.js:10148:316)
    at flushSpawnedWork (http://localhost:4200/_next/static/chunks/d935d_next_dist_compiled_react-dom_dd83c48e._.js:9908:13)
    at commitRoot (http://localhost:4200/_next/static/chunks/d935d_next_dist_compiled_react-dom_dd83c48e._.js:9714:432)
    at commitRootWhenReady (http://localhost:4200/_next/static/chunks/d935d_next_dist_compiled_react-dom_dd83c48e._.js:9188:9)
    at performWorkOnRoot (http://localhost:4200/_next/static/chunks/d935d_next_dist_compiled_react-dom_dd83c48e._.js:9160:25)
    at performWorkOnRootViaSchedulerTask (http://localhost:4200/_next/static/chunks/d935d_next_dist_compiled_react-dom_dd83c48e._.js:10224:9)
    at MessagePort.performWorkUntilDeadline (http://localhost:4200/_next/static/chunks/d935d_next_dist_compiled_ce399604._.js:2647:64) @ http://localhost:4200/_next/static/chunks/d935d_next_dist_e58561c9._.js:3117
[ 4290739ms] [ERROR] IntlError: MISSING_MESSAGE: Could not resolve `instituteBilling` in messages for locale `en`.
    at getMessagesOrError (http://localhost:4200/_next/static/chunks/node_modules__pnpm_b1b9e650._.js:7521:27)
    at createBaseTranslator (http://localhost:4200/_next/static/chunks/node_modules__pnpm_b1b9e650._.js:7526:29)
    at useTranslationsImpl.useMemo[translate] (http://localhost:4200/_next/static/chunks/node_modules__pnpm_b1b9e650._.js:8041:331)
    at mountMemo (http://localhost:4200/_next/static/chunks/d935d_next_dist_compiled_react-dom_dd83c48e._.js:5418:25)
    at Object.useMemo (http://localhost:4200/_next/static/chunks/d935d_next_dist_compiled_react-dom_dd83c48e._.js:14993:24)
    at exports.useMemo (http://localhost:4200/_next/static/chunks/d935d_next_dist_compiled_ce399604._.js:1742:36)
    at useTranslationsImpl (http://localhost:4200/_next/static/chunks/node_modules__pnpm_b1b9e650._.js:8040:403)
    at useTranslations (http://localhost:4200/_next/static/chunks/node_modules__pnpm_b1b9e650._.js:8079:12)
    at http://localhost:4200/_next/static/chunks/node_modules__pnpm_a5ff85fa._.js:16373:20
    at NoSubscriptionState (http://localhost:4200/_next/static/chunks/_05fc676b._.js:250:434)
    at Object.react_stack_bottom_frame (http://localhost:4200/_next/static/chunks/d935d_next_dist_compiled_react-dom_dd83c48e._.js:14816:24)
    at renderWithHooks (http://localhost:4200/_next/static/chunks/d935d_next_dist_compiled_react-dom_dd83c48e._.js:4645:24)
    at updateFunctionComponent (http://localhost:4200/_next/static/chunks/d935d_next_dist_compiled_react-dom_dd83c48e._.js:6106:21)
    at beginWork (http://localhost:4200/_next/static/chunks/d935d_next_dist_compiled_react-dom_dd83c48e._.js:6702:24)
    at runWithFiberInDEV (http://localhost:4200/_next/static/chunks/d935d_next_dist_compiled_react-dom_dd83c48e._.js:959:74)
    at performUnitOfWork (http://localhost:4200/_next/static/chunks/d935d_next_dist_compiled_react-dom_dd83c48e._.js:9556:97)
    at workLoopSync (http://localhost:4200/_next/static/chunks/d935d_next_dist_compiled_react-dom_dd83c48e._.js:9450:40)
    at renderRootSync (http://localhost:4200/_next/static/chunks/d935d_next_dist_compiled_react-dom_dd83c48e._.js:9434:13)
    at performWorkOnRoot (http://localhost:4200/_next/static/chunks/d935d_next_dist_compiled_react-dom_dd83c48e._.js:9062:186)
    at performSyncWorkOnRoot (http://localhost:4200/_next/static/chunks/d935d_next_dist_compiled_react-dom_dd83c48e._.js:10232:9)
    at flushSyncWorkAcrossRoots_impl (http://localhost:4200/_next/static/chunks/d935d_next_dist_compiled_react-dom_dd83c48e._.js:10148:316)
    at processRootScheduleInMicrotask (http://localhost:4200/_next/static/chunks/d935d_next_dist_compiled_react-dom_dd83c48e._.js:10169:106)
    at http://localhost:4200/_next/static/chunks/d935d_next_dist_compiled_react-dom_dd83c48e._.js:10243:158 @ http://localhost:4200/_next/static/chunks/d935d_next_dist_e58561c9._.js:3117
[ 4290740ms] [ERROR] IntlError: MISSING_MESSAGE: Could not resolve `instituteBilling` in messages for locale `en`.
    at getMessagesOrError (http://localhost:4200/_next/static/chunks/node_modules__pnpm_b1b9e650._.js:7521:27)
    at createBaseTranslator (http://localhost:4200/_next/static/chunks/node_modules__pnpm_b1b9e650._.js:7526:29)
    at useTranslationsImpl.useMemo[translate] (http://localhost:4200/_next/static/chunks/node_modules__pnpm_b1b9e650._.js:8041:331)
    at mountMemo (http://localhost:4200/_next/static/chunks/d935d_next_dist_compiled_react-dom_dd83c48e._.js:5418:25)
    at Object.useMemo (http://localhost:4200/_next/static/chunks/d935d_next_dist_compiled_react-dom_dd83c48e._.js:14993:24)
    at exports.useMemo (http://localhost:4200/_next/static/chunks/d935d_next_dist_compiled_ce399604._.js:1742:36)
    at useTranslationsImpl (http://localhost:4200/_next/static/chunks/node_modules__pnpm_b1b9e650._.js:8040:403)
    at useTranslations (http://localhost:4200/_next/static/chunks/node_modules__pnpm_b1b9e650._.js:8079:12)
    at http://localhost:4200/_next/static/chunks/node_modules__pnpm_a5ff85fa._.js:16373:20
    at NoSubscriptionState (http://localhost:4200/_next/static/chunks/_05fc676b._.js:250:434)
    at Object.react_stack_bottom_frame (http://localhost:4200/_next/static/chunks/d935d_next_dist_compiled_react-dom_dd83c48e._.js:14816:24)
    at renderWithHooks (http://localhost:4200/_next/static/chunks/d935d_next_dist_compiled_react-dom_dd83c48e._.js:4645:24)
    at updateFunctionComponent (http://localhost:4200/_next/static/chunks/d935d_next_dist_compiled_react-dom_dd83c48e._.js:6106:21)
    at beginWork (http://localhost:4200/_next/static/chunks/d935d_next_dist_compiled_react-dom_dd83c48e._.js:6702:24)
    at runWithFiberInDEV (http://localhost:4200/_next/static/chunks/d935d_next_dist_compiled_react-dom_dd83c48e._.js:959:74)
    at performUnitOfWork (http://localhost:4200/_next/static/chunks/d935d_next_dist_compiled_react-dom_dd83c48e._.js:9556:97)
    at workLoopSync (http://localhost:4200/_next/static/chunks/d935d_next_dist_compiled_react-dom_dd83c48e._.js:9450:40)
    at renderRootSync (http://localhost:4200/_next/static/chunks/d935d_next_dist_compiled_react-dom_dd83c48e._.js:9434:13)
    at performWorkOnRoot (http://localhost:4200/_next/static/chunks/d935d_next_dist_compiled_react-dom_dd83c48e._.js:9062:186)
    at performSyncWorkOnRoot (http://localhost:4200/_next/static/chunks/d935d_next_dist_compiled_react-dom_dd83c48e._.js:10232:9)
    at flushSyncWorkAcrossRoots_impl (http://localhost:4200/_next/static/chunks/d935d_next_dist_compiled_react-dom_dd83c48e._.js:10148:316)
    at processRootScheduleInMicrotask (http://localhost:4200/_next/static/chunks/d935d_next_dist_compiled_react-dom_dd83c48e._.js:10169:106)
    at http://localhost:4200/_next/static/chunks/d935d_next_dist_compiled_react-dom_dd83c48e._.js:10243:158 @ http://localhost:4200/_next/static/chunks/d935d_next_dist_e58561c9._.js:3117
[ 4290740ms] [ERROR] IntlError: MISSING_MESSAGE: Could not resolve `instituteBilling` in messages for locale `en`.
    at getMessagesOrError (http://localhost:4200/_next/static/chunks/node_modules__pnpm_b1b9e650._.js:7521:27)
    at createBaseTranslator (http://localhost:4200/_next/static/chunks/node_modules__pnpm_b1b9e650._.js:7526:29)
    at useTranslationsImpl.useMemo[translate] (http://localhost:4200/_next/static/chunks/node_modules__pnpm_b1b9e650._.js:8041:331)
    at mountMemo (http://localhost:4200/_next/static/chunks/d935d_next_dist_compiled_react-dom_dd83c48e._.js:5418:25)
    at Object.useMemo (http://localhost:4200/_next/static/chunks/d935d_next_dist_compiled_react-dom_dd83c48e._.js:14993:24)
    at exports.useMemo (http://localhost:4200/_next/static/chunks/d935d_next_dist_compiled_ce399604._.js:1742:36)
    at useTranslationsImpl (http://localhost:4200/_next/static/chunks/node_modules__pnpm_b1b9e650._.js:8040:403)
    at useTranslations (http://localhost:4200/_next/static/chunks/node_modules__pnpm_b1b9e650._.js:8079:12)
    at http://localhost:4200/_next/static/chunks/node_modules__pnpm_a5ff85fa._.js:16373:20
    at NoSubscriptionState (http://localhost:4200/_next/static/chunks/_05fc676b._.js:250:434)
    at Object.react_stack_bottom_frame (http://localhost:4200/_next/static/chunks/d935d_next_dist_compiled_react-dom_dd83c48e._.js:14816:24)
    at renderWithHooks (http://localhost:4200/_next/static/chunks/d935d_next_dist_compiled_react-dom_dd83c48e._.js:4645:24)
    at updateFunctionComponent (http://localhost:4200/_next/static/chunks/d935d_next_dist_compiled_react-dom_dd83c48e._.js:6106:21)
    at beginWork (http://localhost:4200/_next/static/chunks/d935d_next_dist_compiled_react-dom_dd83c48e._.js:6702:24)
    at runWithFiberInDEV (http://localhost:4200/_next/static/chunks/d935d_next_dist_compiled_react-dom_dd83c48e._.js:959:74)
    at performUnitOfWork (http://localhost:4200/_next/static/chunks/d935d_next_dist_compiled_react-dom_dd83c48e._.js:9556:97)
    at workLoopSync (http://localhost:4200/_next/static/chunks/d935d_next_dist_compiled_react-dom_dd83c48e._.js:9450:40)
    at renderRootSync (http://localhost:4200/_next/static/chunks/d935d_next_dist_compiled_react-dom_dd83c48e._.js:9434:13)
    at performWorkOnRoot (http://localhost:4200/_next/static/chunks/d935d_next_dist_compiled_react-dom_dd83c48e._.js:9062:186)
    at performSyncWorkOnRoot (http://localhost:4200/_next/static/chunks/d935d_next_dist_compiled_react-dom_dd83c48e._.js:10232:9)
    at flushSyncWorkAcrossRoots_impl (http://localhost:4200/_next/static/chunks/d935d_next_dist_compiled_react-dom_dd83c48e._.js:10148:316)
    at processRootScheduleInMicrotask (http://localhost:4200/_next/static/chunks/d935d_next_dist_compiled_react-dom_dd83c48e._.js:10169:106)
    at http://localhost:4200/_next/static/chunks/d935d_next_dist_compiled_react-dom_dd83c48e._.js:10243:158 @ http://localhost:4200/_next/static/chunks/d935d_next_dist_e58561c9._.js:3117
[ 4290740ms] [ERROR] IntlError: MISSING_MESSAGE: Could not resolve `instituteBilling` in messages for locale `en`.
    at getMessagesOrError (http://localhost:4200/_next/static/chunks/node_modules__pnpm_b1b9e650._.js:7521:27)
    at createBaseTranslator (http://localhost:4200/_next/static/chunks/node_modules__pnpm_b1b9e650._.js:7526:29)
    at useTranslationsImpl.useMemo[translate] (http://localhost:4200/_next/static/chunks/node_modules__pnpm_b1b9e650._.js:8041:331)
    at mountMemo (http://localhost:4200/_next/static/chunks/d935d_next_dist_compiled_react-dom_dd83c48e._.js:5418:25)
    at Object.useMemo (http://localhost:4200/_next/static/chunks/d935d_next_dist_compiled_react-dom_dd83c48e._.js:14993:24)
    at exports.useMemo (http://localhost:4200/_next/static/chunks/d935d_next_dist_compiled_ce399604._.js:1742:36)
    at useTranslationsImpl (http://localhost:4200/_next/static/chunks/node_modules__pnpm_b1b9e650._.js:8040:403)
    at useTranslations (http://localhost:4200/_next/static/chunks/node_modules__pnpm_b1b9e650._.js:8079:12)
    at http://localhost:4200/_next/static/chunks/node_modules__pnpm_a5ff85fa._.js:16373:20
    at NoSubscriptionState (http://localhost:4200/_next/static/chunks/_05fc676b._.js:250:434)
    at Object.react_stack_bottom_frame (http://localhost:4200/_next/static/chunks/d935d_next_dist_compiled_react-dom_dd83c48e._.js:14816:24)
    at renderWithHooks (http://localhost:4200/_next/static/chunks/d935d_next_dist_compiled_react-dom_dd83c48e._.js:4645:24)
    at updateFunctionComponent (http://localhost:4200/_next/static/chunks/d935d_next_dist_compiled_react-dom_dd83c48e._.js:6106:21)
    at beginWork (http://localhost:4200/_next/static/chunks/d935d_next_dist_compiled_react-dom_dd83c48e._.js:6702:24)
    at runWithFiberInDEV (http://localhost:4200/_next/static/chunks/d935d_next_dist_compiled_react-dom_dd83c48e._.js:959:74)
    at performUnitOfWork (http://localhost:4200/_next/static/chunks/d935d_next_dist_compiled_react-dom_dd83c48e._.js:9556:97)
    at workLoopSync (http://localhost:4200/_next/static/chunks/d935d_next_dist_compiled_react-dom_dd83c48e._.js:9450:40)
    at renderRootSync (http://localhost:4200/_next/static/chunks/d935d_next_dist_compiled_react-dom_dd83c48e._.js:9434:13)
    at performWorkOnRoot (http://localhost:4200/_next/static/chunks/d935d_next_dist_compiled_react-dom_dd83c48e._.js:9062:186)
    at performSyncWorkOnRoot (http://localhost:4200/_next/static/chunks/d935d_next_dist_compiled_react-dom_dd83c48e._.js:10232:9)
    at flushSyncWorkAcrossRoots_impl (http://localhost:4200/_next/static/chunks/d935d_next_dist_compiled_react-dom_dd83c48e._.js:10148:316)
    at processRootScheduleInMicrotask (http://localhost:4200/_next/static/chunks/d935d_next_dist_compiled_react-dom_dd83c48e._.js:10169:106)
    at http://localhost:4200/_next/static/chunks/d935d_next_dist_compiled_react-dom_dd83c48e._.js:10243:158 @ http://localhost:4200/_next/static/chunks/d935d_next_dist_e58561c9._.js:3117
[ 7101142ms] TypeError: Cannot read properties of undefined (reading 'toLowerCase')
    at onKeyDown (http://localhost:4200/_next/static/chunks/_c6ebe482._.js:4447:31)
